<?xml version="1.0" encoding="UTF-8"?>
<!-- Generated by org.testng.reporters.JUnitReportReporter -->
<testsuite hostname="ankit" failures="0" tests="1" name="testCases.TC_001_AccountRegistrationTest" time="3.477" errors="0" timestamp="2024-07-30T23:36:20 IST" skipped="0">
  <testcase classname="testCases.TC_001_AccountRegistrationTest" name="verify_account_registration" time="3.477"/>
</testsuite> <!-- testCases.TC_001_AccountRegistrationTest -->
