<?xml version="1.0" encoding="UTF-8"?>
<!-- Generated by org.testng.reporters.JUnitReportReporter -->
<testsuite hostname="ankit" failures="0" tests="1" name="testCases.TC_002_LoginTest" time="4.937" errors="0" timestamp="2024-07-30T23:36:20 IST" skipped="0">
  <testcase classname="testCases.TC_002_LoginTest" name="verify_login" time="4.937"/>
</testsuite> <!-- testCases.TC_002_LoginTest -->
